 [LOGGER] 2024-11-18 12:04:33.486 AM error : Profile Code not found
 [LOGGER] 2024-11-18 12:05:42.804 AM error : "base64Image" is required
 [LOGGER] 2024-11-18 12:06:13.669 AM error : Cannot read properties of undefined (reading 'match')
 [LOGGER] 2024-11-18 12:12:26.074 AM error : uncaughtException: ⨯ Unable to compile TypeScript:
src/modules/photo/PhotoService.ts(6,37): error TS2306: File 'E:/PROJECT/tes-wawancara/backend/src/libs/storage.ts' is not a module.

Error: ⨯ Unable to compile TypeScript:
src/modules/photo/PhotoService.ts(6,37): error TS2306: File 'E:/PROJECT/tes-wawancara/backend/src/libs/storage.ts' is not a module.

    at Object.<anonymous> (E:\PROJECT\tes-wawancara\backend\src\modules\photo\PhotoService.ts:1:7)
    at Module._compile (node:internal/modules/cjs/loader:1364:14)
    at Module._compile (E:\PROJECT\tes-wawancara\backend\node_modules\source-map-support\source-map-support.js:568:25)
    at Module.m._compile (C:\Users\irulh\AppData\Local\Temp\ts-node-dev-hook-1869607448199162.js:69:33)
    at Module._extensions..js (node:internal/modules/cjs/loader:1422:10)
    at require.extensions..jsx.require.extensions..js (C:\Users\irulh\AppData\Local\Temp\ts-node-dev-hook-1869607448199162.js:114:20)
    at require.extensions.<computed> (C:\Users\irulh\AppData\Local\Temp\ts-node-dev-hook-1869607448199162.js:71:20)
    at Object.nodeDevHook [as .ts] (E:\PROJECT\tes-wawancara\backend\node_modules\ts-node-dev\lib\hook.js:63:13)
    at Module.load (node:internal/modules/cjs/loader:1203:32)
    at Function.Module._load (node:internal/modules/cjs/loader:1019:12)
 [LOGGER] 2024-11-18 12:19:24.565 AM error : uncaughtException: ⨯ Unable to compile TypeScript:
src/modules/photo/PhotoService.ts(24,49): error TS2304: Cannot find name 'code'.
src/modules/photo/PhotoService.ts(52,39): error TS2304: Cannot find name 'code'.
src/modules/photo/PhotoService.ts(61,18): error TS2304: Cannot find name 'code'.

Error: ⨯ Unable to compile TypeScript:
src/modules/photo/PhotoService.ts(24,49): error TS2304: Cannot find name 'code'.
src/modules/photo/PhotoService.ts(52,39): error TS2304: Cannot find name 'code'.
src/modules/photo/PhotoService.ts(61,18): error TS2304: Cannot find name 'code'.

    at Object.<anonymous> (E:\PROJECT\tes-wawancara\backend\src\modules\photo\PhotoService.ts:1:7)
    at Module._compile (node:internal/modules/cjs/loader:1364:14)
    at Module._compile (E:\PROJECT\tes-wawancara\backend\node_modules\source-map-support\source-map-support.js:568:25)
    at Module.m._compile (C:\Users\irulh\AppData\Local\Temp\ts-node-dev-hook-9697722503838817.js:69:33)
    at Module._extensions..js (node:internal/modules/cjs/loader:1422:10)
    at require.extensions..jsx.require.extensions..js (C:\Users\irulh\AppData\Local\Temp\ts-node-dev-hook-9697722503838817.js:114:20)
    at require.extensions.<computed> (C:\Users\irulh\AppData\Local\Temp\ts-node-dev-hook-9697722503838817.js:71:20)
    at Object.nodeDevHook [as .ts] (E:\PROJECT\tes-wawancara\backend\node_modules\ts-node-dev\lib\hook.js:63:13)
    at Module.load (node:internal/modules/cjs/loader:1203:32)
    at Function.Module._load (node:internal/modules/cjs/loader:1019:12)
 [LOGGER] 2024-11-18 12:19:30.959 AM error : uncaughtException: ⨯ Unable to compile TypeScript:
src/modules/photo/PhotoService.ts(52,39): error TS2304: Cannot find name 'code'.
src/modules/photo/PhotoService.ts(61,18): error TS2304: Cannot find name 'code'.

Error: ⨯ Unable to compile TypeScript:
src/modules/photo/PhotoService.ts(52,39): error TS2304: Cannot find name 'code'.
src/modules/photo/PhotoService.ts(61,18): error TS2304: Cannot find name 'code'.

    at Object.<anonymous> (E:\PROJECT\tes-wawancara\backend\src\modules\photo\PhotoService.ts:1:7)
    at Module._compile (node:internal/modules/cjs/loader:1364:14)
    at Module._compile (E:\PROJECT\tes-wawancara\backend\node_modules\source-map-support\source-map-support.js:568:25)
    at Module.m._compile (C:\Users\irulh\AppData\Local\Temp\ts-node-dev-hook-9697722503838817.js:69:33)
    at Module._extensions..js (node:internal/modules/cjs/loader:1422:10)
    at require.extensions..jsx.require.extensions..js (C:\Users\irulh\AppData\Local\Temp\ts-node-dev-hook-9697722503838817.js:114:20)
    at require.extensions.<computed> (C:\Users\irulh\AppData\Local\Temp\ts-node-dev-hook-9697722503838817.js:71:20)
    at Object.nodeDevHook [as .ts] (E:\PROJECT\tes-wawancara\backend\node_modules\ts-node-dev\lib\hook.js:63:13)
    at Module.load (node:internal/modules/cjs/loader:1203:32)
    at Function.Module._load (node:internal/modules/cjs/loader:1019:12)
 [LOGGER] 2024-11-18 12:19:35.388 AM error : uncaughtException: ⨯ Unable to compile TypeScript:
src/modules/photo/PhotoService.ts(48,39): error TS2304: Cannot find name 'code'.
src/modules/photo/PhotoService.ts(57,18): error TS2304: Cannot find name 'code'.

Error: ⨯ Unable to compile TypeScript:
src/modules/photo/PhotoService.ts(48,39): error TS2304: Cannot find name 'code'.
src/modules/photo/PhotoService.ts(57,18): error TS2304: Cannot find name 'code'.

    at Object.<anonymous> (E:\PROJECT\tes-wawancara\backend\src\modules\photo\PhotoService.ts:1:7)
    at Module._compile (node:internal/modules/cjs/loader:1364:14)
    at Module._compile (E:\PROJECT\tes-wawancara\backend\node_modules\source-map-support\source-map-support.js:568:25)
    at Module.m._compile (C:\Users\irulh\AppData\Local\Temp\ts-node-dev-hook-9697722503838817.js:69:33)
    at Module._extensions..js (node:internal/modules/cjs/loader:1422:10)
    at require.extensions..jsx.require.extensions..js (C:\Users\irulh\AppData\Local\Temp\ts-node-dev-hook-9697722503838817.js:114:20)
    at require.extensions.<computed> (C:\Users\irulh\AppData\Local\Temp\ts-node-dev-hook-9697722503838817.js:71:20)
    at Object.nodeDevHook [as .ts] (E:\PROJECT\tes-wawancara\backend\node_modules\ts-node-dev\lib\hook.js:63:13)
    at Module.load (node:internal/modules/cjs/loader:1203:32)
    at Function.Module._load (node:internal/modules/cjs/loader:1019:12)
 [LOGGER] 2024-11-18 12:19:57.769 AM error : uncaughtException: ⨯ Unable to compile TypeScript:
src/modules/photo/PhotoService.ts(48,39): error TS2304: Cannot find name 'code'.

Error: ⨯ Unable to compile TypeScript:
src/modules/photo/PhotoService.ts(48,39): error TS2304: Cannot find name 'code'.

    at Object.<anonymous> (E:\PROJECT\tes-wawancara\backend\src\modules\photo\PhotoService.ts:1:7)
    at Module._compile (node:internal/modules/cjs/loader:1364:14)
    at Module._compile (E:\PROJECT\tes-wawancara\backend\node_modules\source-map-support\source-map-support.js:568:25)
    at Module.m._compile (C:\Users\irulh\AppData\Local\Temp\ts-node-dev-hook-9697722503838817.js:69:33)
    at Module._extensions..js (node:internal/modules/cjs/loader:1422:10)
    at require.extensions..jsx.require.extensions..js (C:\Users\irulh\AppData\Local\Temp\ts-node-dev-hook-9697722503838817.js:114:20)
    at require.extensions.<computed> (C:\Users\irulh\AppData\Local\Temp\ts-node-dev-hook-9697722503838817.js:71:20)
    at Object.nodeDevHook [as .ts] (E:\PROJECT\tes-wawancara\backend\node_modules\ts-node-dev\lib\hook.js:63:13)
    at Module.load (node:internal/modules/cjs/loader:1203:32)
    at Function.Module._load (node:internal/modules/cjs/loader:1019:12)
 [LOGGER] 2024-11-18 12:24:30.458 AM error : Photo is not set.
 [LOGGER] 2024-11-18 12:25:03.322 AM error : Photo is not set.
 [LOGGER] 2024-11-18 12:28:49.884 AM error : uncaughtException: ⨯ Unable to compile TypeScript:
src/libs/storage.ts(79,20): error TS2552: Cannot find name 'getMimeType'. Did you mean 'mimeType'?

Error: ⨯ Unable to compile TypeScript:
src/libs/storage.ts(79,20): error TS2552: Cannot find name 'getMimeType'. Did you mean 'mimeType'?

    at Object.<anonymous> (E:\PROJECT\tes-wawancara\backend\src\libs\storage.ts:1:7)
    at Module._compile (node:internal/modules/cjs/loader:1364:14)
    at Module._compile (E:\PROJECT\tes-wawancara\backend\node_modules\source-map-support\source-map-support.js:568:25)
    at Module.m._compile (C:\Users\irulh\AppData\Local\Temp\ts-node-dev-hook-9697722503838817.js:69:33)
    at Module._extensions..js (node:internal/modules/cjs/loader:1422:10)
    at require.extensions..jsx.require.extensions..js (C:\Users\irulh\AppData\Local\Temp\ts-node-dev-hook-9697722503838817.js:114:20)
    at require.extensions.<computed> (C:\Users\irulh\AppData\Local\Temp\ts-node-dev-hook-9697722503838817.js:71:20)
    at Object.nodeDevHook [as .ts] (E:\PROJECT\tes-wawancara\backend\node_modules\ts-node-dev\lib\hook.js:63:13)
    at Module.load (node:internal/modules/cjs/loader:1203:32)
    at Function.Module._load (node:internal/modules/cjs/loader:1019:12)
 [LOGGER] 2024-11-18 12:31:02.347 AM error : uncaughtException: ⨯ Unable to compile TypeScript:
src/modules/photo/PhotoService.ts(31,19): error TS2304: Cannot find name 'fileToDataURL'.

Error: ⨯ Unable to compile TypeScript:
src/modules/photo/PhotoService.ts(31,19): error TS2304: Cannot find name 'fileToDataURL'.

    at Object.<anonymous> (E:\PROJECT\tes-wawancara\backend\src\modules\photo\PhotoService.ts:1:7)
    at Module._compile (node:internal/modules/cjs/loader:1364:14)
    at Module._compile (E:\PROJECT\tes-wawancara\backend\node_modules\source-map-support\source-map-support.js:568:25)
    at Module.m._compile (C:\Users\irulh\AppData\Local\Temp\ts-node-dev-hook-9697722503838817.js:69:33)
    at Module._extensions..js (node:internal/modules/cjs/loader:1422:10)
    at require.extensions..jsx.require.extensions..js (C:\Users\irulh\AppData\Local\Temp\ts-node-dev-hook-9697722503838817.js:114:20)
    at require.extensions.<computed> (C:\Users\irulh\AppData\Local\Temp\ts-node-dev-hook-9697722503838817.js:71:20)
    at Object.nodeDevHook [as .ts] (E:\PROJECT\tes-wawancara\backend\node_modules\ts-node-dev\lib\hook.js:63:13)
    at Module.load (node:internal/modules/cjs/loader:1203:32)
    at Function.Module._load (node:internal/modules/cjs/loader:1019:12)
 [LOGGER] 2024-11-18 12:31:11.969 AM error : uncaughtException: ⨯ Unable to compile TypeScript:
src/modules/photo/PhotoService.ts(7,3): error TS2305: Module '"../../libs/storage"' has no exported member 'fileToDataURL'.

Error: ⨯ Unable to compile TypeScript:
src/modules/photo/PhotoService.ts(7,3): error TS2305: Module '"../../libs/storage"' has no exported member 'fileToDataURL'.

    at Object.<anonymous> (E:\PROJECT\tes-wawancara\backend\src\modules\photo\PhotoService.ts:1:7)
    at Module._compile (node:internal/modules/cjs/loader:1364:14)
    at Module._compile (E:\PROJECT\tes-wawancara\backend\node_modules\source-map-support\source-map-support.js:568:25)
    at Module.m._compile (C:\Users\irulh\AppData\Local\Temp\ts-node-dev-hook-9697722503838817.js:69:33)
    at Module._extensions..js (node:internal/modules/cjs/loader:1422:10)
    at require.extensions..jsx.require.extensions..js (C:\Users\irulh\AppData\Local\Temp\ts-node-dev-hook-9697722503838817.js:114:20)
    at require.extensions.<computed> (C:\Users\irulh\AppData\Local\Temp\ts-node-dev-hook-9697722503838817.js:71:20)
    at Object.nodeDevHook [as .ts] (E:\PROJECT\tes-wawancara\backend\node_modules\ts-node-dev\lib\hook.js:63:13)
    at Module.load (node:internal/modules/cjs/loader:1203:32)
    at Function.Module._load (node:internal/modules/cjs/loader:1019:12)
 [LOGGER] 2024-11-18 12:34:57.754 AM error : uncaughtException: ⨯ Unable to compile TypeScript:
src/routes/index.ts(8,3): error TS2459: Module '"../modules/photo/PhotoController"' declares 'downloadPhoto' locally, but it is not exported.

Error: ⨯ Unable to compile TypeScript:
src/routes/index.ts(8,3): error TS2459: Module '"../modules/photo/PhotoController"' declares 'downloadPhoto' locally, but it is not exported.

    at Object.<anonymous> (E:\PROJECT\tes-wawancara\backend\src\routes\index.ts:1:7)
    at Module._compile (node:internal/modules/cjs/loader:1364:14)
    at Module._compile (E:\PROJECT\tes-wawancara\backend\node_modules\source-map-support\source-map-support.js:568:25)
    at Module.m._compile (C:\Users\irulh\AppData\Local\Temp\ts-node-dev-hook-9697722503838817.js:69:33)
    at Module._extensions..js (node:internal/modules/cjs/loader:1422:10)
    at require.extensions..jsx.require.extensions..js (C:\Users\irulh\AppData\Local\Temp\ts-node-dev-hook-9697722503838817.js:114:20)
    at require.extensions.<computed> (C:\Users\irulh\AppData\Local\Temp\ts-node-dev-hook-9697722503838817.js:71:20)
    at Object.nodeDevHook [as .ts] (E:\PROJECT\tes-wawancara\backend\node_modules\ts-node-dev\lib\hook.js:63:13)
    at Module.load (node:internal/modules/cjs/loader:1203:32)
    at Function.Module._load (node:internal/modules/cjs/loader:1019:12)
 [LOGGER] 2024-11-18 12:35:26.851 AM error : ENOENT: no such file or directory, open './public/uploads/null'
 [LOGGER] 2024-11-18 12:36:31.245 AM error : Photo is not found.
 [LOGGER] 2024-11-18 12:36:57.505 AM error : Photo is not found.
 [LOGGER] 2024-11-18 03:39:12.972 AM error : "value" must be of type object
 [LOGGER] 2024-11-18 03:40:01.775 AM error : "value" must be of type object
 [LOGGER] 2024-11-18 03:40:59.572 AM error : "value" must be of type object
 [LOGGER] 2024-11-18 03:41:07.045 AM error : "value" must be of type object
 [LOGGER] 2024-11-18 03:41:29.716 AM error : "value" must be of type object
 [LOGGER] 2024-11-18 03:44:14.711 AM error : "value" must be of type object
 [LOGGER] 2024-11-18 03:44:27.967 AM error : "value" must be of type object
 [LOGGER] 2024-11-18 03:48:27.042 AM error : "value" must be of type object
 [LOGGER] 2024-11-18 03:48:33.986 AM error : "value" must be of type object
